<?xml version="1.0" encoding="UTF-8"?>
<!-- Generated by org.testng.reporters.JUnitReportReporter -->
<testsuite hostname="INKOC1WLX23478" failures="0" tests="1" name="com.ms.testcases.productDetailInCartTest" time="24.486" errors="0" timestamp="2022-08-07T12:31:59 IST" skipped="0">
  <testcase classname="com.ms.testcases.productDetailInCartTest" name="verifyProductDetailsInCart" time="24.486"/>
  <system-out/>
</testsuite> <!-- com.ms.testcases.productDetailInCartTest -->
