<?xml version="1.0" encoding="UTF-8"?>
<!-- Generated by org.testng.reporters.JUnitReportReporter -->
<testsuite hostname="INKOC1WLX23478" failures="0" tests="1" name="com.ms.testcases.ProductDetailTest" time="21.746" errors="0" timestamp="2022-08-07T12:31:59 IST" skipped="0">
  <testcase classname="com.ms.testcases.ProductDetailTest" name="verifyProductDetailsInProductDetailPage" time="21.746"/>
  <system-out/>
</testsuite> <!-- com.ms.testcases.ProductDetailTest -->
