<?xml version="1.0" encoding="UTF-8"?>
<!-- Generated by org.testng.reporters.JUnitReportReporter -->
<testsuite hostname="INKOC1WLX23478" failures="0" tests="1" name="com.ms.testcases.productDetailInCartTest" time="26.511" errors="0" timestamp="2022-08-07T18:14:27 IST" skipped="0">
  <testcase classname="com.ms.testcases.productDetailInCartTest" name="verifyProductDetailsInCart" time="26.511"/>
  <system-out/>
</testsuite> <!-- com.ms.testcases.productDetailInCartTest -->
